
> tjoyeuxclement@0.1.0 build
> next build

> Info: Loaded env from .env.local
Creating an optimized production build...
The following changes are being made to your tsconfig.json file:
  - compilerOptions.forceConsistentCasingInFileNames to be suggested value: true (this can be changed)
  - compilerOptions.moduleResolution must be node (to match webpack resolution)
  - compilerOptions.jsx must be preserve

Error: error:0308010C:digital envelope routines::unsupported
    at new Hash (node:internal/crypto/hash:101:19)
    at Object.createHash (node:crypto:139:10)
    at module.exports (/Users/capricorn/Downloads/tjoyeuxclement/node_modules/webpack/lib/util/createHash.js:135:53)
    at NormalModule._initBuildHash (/Users/capricorn/Downloads/tjoyeuxclement/node_modules/webpack/lib/NormalModule.js:417:16)
    at handleParseError (/Users/capricorn/Downloads/tjoyeuxclement/node_modules/webpack/lib/NormalModule.js:471:10)
    at /Users/capricorn/Downloads/tjoyeuxclement/node_modules/webpack/lib/NormalModule.js:503:5
    at /Users/capricorn/Downloads/tjoyeuxclement/node_modules/webpack/lib/NormalModule.js:358:12
    at /Users/capricorn/Downloads/tjoyeuxclement/node_modules/loader-runner/lib/LoaderRunner.js:373:3
    at iterateNormalLoaders (/Users/capricorn/Downloads/tjoyeuxclement/node_modules/loader-runner/lib/LoaderRunner.js:214:10)
    at iterateNormalLoaders (/Users/capricorn/Downloads/tjoyeuxclement/node_modules/loader-runner/lib/LoaderRunner.js:221:10)
Error: error:0308010C:digital envelope routines::unsupported
    at new Hash (node:internal/crypto/hash:101:19)
    at Object.createHash (node:crypto:139:10)
    at module.exports (/Users/capricorn/Downloads/tjoyeuxclement/node_modules/webpack/lib/util/createHash.js:135:53)
    at NormalModule._initBuildHash (/Users/capricorn/Downloads/tjoyeuxclement/node_modules/webpack/lib/NormalModule.js:417:16)
    at handleParseError (/Users/capricorn/Downloads/tjoyeuxclement/node_modules/webpack/lib/NormalModule.js:471:10)
    at /Users/capricorn/Downloads/tjoyeuxclement/node_modules/webpack/lib/NormalModule.js:503:5
    at /Users/capricorn/Downloads/tjoyeuxclement/node_modules/webpack/lib/NormalModule.js:358:12
    at /Users/capricorn/Downloads/tjoyeuxclement/node_modules/loader-runner/lib/LoaderRunner.js:373:3
    at iterateNormalLoaders (/Users/capricorn/Downloads/tjoyeuxclement/node_modules/loader-runner/lib/LoaderRunner.js:214:10)
    at iterateNormalLoaders (/Users/capricorn/Downloads/tjoyeuxclement/node_modules/loader-runner/lib/LoaderRunner.js:221:10)
Error: error:0308010C:digital envelope routines::unsupported
    at new Hash (node:internal/crypto/hash:101:19)
    at Object.createHash (node:crypto:139:10)
    at module.exports (/Users/capricorn/Downloads/tjoyeuxclement/node_modules/webpack/lib/util/createHash.js:135:53)
    at NormalModule._initBuildHash (/Users/capricorn/Downloads/tjoyeuxclement/node_modules/webpack/lib/NormalModule.js:417:16)
    at handleParseError (/Users/capricorn/Downloads/tjoyeuxclement/node_modules/webpack/lib/NormalModule.js:471:10)
    at /Users/capricorn/Downloads/tjoyeuxclement/node_modules/webpack/lib/NormalModule.js:503:5
    at /Users/capricorn/Downloads/tjoyeuxclement/node_modules/webpack/lib/NormalModule.js:358:12
    at /Users/capricorn/Downloads/tjoyeuxclement/node_modules/loader-runner/lib/LoaderRunner.js:373:3
    at iterateNormalLoaders (/Users/capricorn/Downloads/tjoyeuxclement/node_modules/loader-runner/lib/LoaderRunner.js:214:10)
    at iterateNormalLoaders (/Users/capricorn/Downloads/tjoyeuxclement/node_modules/loader-runner/lib/LoaderRunner.js:221:10)
Error: error:0308010C:digital envelope routines::unsupported
    at new Hash (node:internal/crypto/hash:101:19)
    at Object.createHash (node:crypto:139:10)
    at module.exports (/Users/capricorn/Downloads/tjoyeuxclement/node_modules/webpack/lib/util/createHash.js:135:53)
    at NormalModule._initBuildHash (/Users/capricorn/Downloads/tjoyeuxclement/node_modules/webpack/lib/NormalModule.js:417:16)
    at handleParseError (/Users/capricorn/Downloads/tjoyeuxclement/node_modules/webpack/lib/NormalModule.js:471:10)
    at /Users/capricorn/Downloads/tjoyeuxclement/node_modules/webpack/lib/NormalModule.js:503:5
    at /Users/capricorn/Downloads/tjoyeuxclement/node_modules/webpack/lib/NormalModule.js:358:12
    at /Users/capricorn/Downloads/tjoyeuxclement/node_modules/loader-runner/lib/LoaderRunner.js:373:3
    at iterateNormalLoaders (/Users/capricorn/Downloads/tjoyeuxclement/node_modules/loader-runner/lib/LoaderRunner.js:214:10)
    at iterateNormalLoaders (/Users/capricorn/Downloads/tjoyeuxclement/node_modules/loader-runner/lib/LoaderRunner.js:221:10)
node:internal/crypto/hash:101
  this[kHandle] = new _Hash(algorithm, xofLen, algorithmId, getHashCache());
                  ^

Error: error:0308010C:digital envelope routines::unsupported
    at new Hash (node:internal/crypto/hash:101:19)
    at Object.createHash (node:crypto:139:10)
    at module.exports (/Users/capricorn/Downloads/tjoyeuxclement/node_modules/webpack/lib/util/createHash.js:135:53)
    at NormalModule._initBuildHash (/Users/capricorn/Downloads/tjoyeuxclement/node_modules/webpack/lib/NormalModule.js:417:16)
    at /Users/capricorn/Downloads/tjoyeuxclement/node_modules/webpack/lib/NormalModule.js:452:10
    at /Users/capricorn/Downloads/tjoyeuxclement/node_modules/webpack/lib/NormalModule.js:323:13
    at /Users/capricorn/Downloads/tjoyeuxclement/node_modules/loader-runner/lib/LoaderRunner.js:367:11
    at /Users/capricorn/Downloads/tjoyeuxclement/node_modules/loader-runner/lib/LoaderRunner.js:233:18
    at context.callback (/Users/capricorn/Downloads/tjoyeuxclement/node_modules/loader-runner/lib/LoaderRunner.js:111:13)
    at /Users/capricorn/Downloads/tjoyeuxclement/node_modules/babel-loader/lib/index.js:55:103 {
  opensslErrorStack: [
    'error:03000086:digital envelope routines::initialization error',
    'error:0308010C:digital envelope routines::unsupported'
  ],
  library: 'digital envelope routines',
  reason: 'unsupported',
  code: 'ERR_OSSL_EVP_UNSUPPORTED'
}

Node.js v22.20.0
